This file contains any messages produced by compilers while
running configure, to aid debugging if configure makes a mistake.

It was created by configure, which was
generated by GNU Autoconf 2.60.  Invocation command line was

  $ ./configure 

## --------- ##
## Platform. ##
## --------- ##

hostname = caturday
uname -m = i686
uname -r = 2.6.24-22-generic
uname -s = Linux
uname -v = #1 SMP Mon Nov 24 18:32:42 UTC 2008

/usr/bin/uname -p = unknown
/bin/uname -X     = unknown

/bin/arch              = unknown
/usr/bin/arch -k       = unknown
/usr/convex/getsysinfo = unknown
/usr/bin/hostinfo      = unknown
/bin/machine           = unknown
/usr/bin/oslevel       = unknown
/bin/universe          = unknown

PATH: /usr/local/sbin
PATH: /usr/local/bin
PATH: /usr/sbin
PATH: /usr/bin
PATH: /sbin
PATH: /bin
PATH: /usr/X11R6/bin


## ----------- ##
## Core tests. ##
## ----------- ##

configure:1643: checking MACHDEP
configure:1669: result: linux2
configure:1720: checking for gcc
configure:1736: found /usr/bin/gcc
configure:1747: result: gcc
configure:1985: checking for C compiler version
configure:1992: gcc --version >&5
gcc (GCC) 4.2.4 (Ubuntu 4.2.4-1ubuntu3)
Copyright (C) 2007 Free Software Foundation, Inc.
This is free software; see the source for copying conditions.  There is NO
warranty; not even for MERCHANTABILITY or FITNESS FOR A PARTICULAR PURPOSE.

configure:1995: $? = 0
configure:2002: gcc -v >&5
Using built-in specs.
Target: i486-linux-gnu
Configured with: ../src/configure -v --enable-languages=c,c++,fortran,objc,obj-c++,treelang --prefix=/usr --enable-shared --with-system-zlib --libexecdir=/usr/lib --without-included-gettext --enable-threads=posix --enable-nls --with-gxx-include-dir=/usr/include/c++/4.2 --program-suffix=-4.2 --enable-clocale=gnu --enable-libstdcxx-debug --enable-objc-gc --enable-mpfr --enable-targets=all --enable-checking=release --build=i486-linux-gnu --host=i486-linux-gnu --target=i486-linux-gnu
Thread model: posix
gcc version 4.2.4 (Ubuntu 4.2.4-1ubuntu3)
configure:2005: $? = 0
configure:2012: gcc -V >&5
gcc: '-V' option must have argument
configure:2015: $? = 1
configure:2038: checking for C compiler default output file name
configure:2065: gcc    conftest.c  >&5
configure:2068: $? = 0
configure:2114: result: a.out
configure:2119: checking whether the C compiler works
configure:2129: ./a.out
configure:2132: $? = 0
configure:2149: result: yes
configure:2156: checking whether we are cross compiling
configure:2158: result: no
configure:2161: checking for suffix of executables
configure:2168: gcc -o conftest    conftest.c  >&5
configure:2171: $? = 0
configure:2195: result: 
configure:2201: checking for suffix of object files
configure:2227: gcc -c   conftest.c >&5
configure:2230: $? = 0
configure:2253: result: o
configure:2257: checking whether we are using the GNU C compiler
configure:2286: gcc -c   conftest.c >&5
configure:2292: $? = 0
configure:2299: test -z "$ac_c_werror_flag" || test ! -s conftest.err
configure:2302: $? = 0
configure:2309: test -s conftest.o
configure:2312: $? = 0
configure:2326: result: yes
configure:2331: checking whether gcc accepts -g
configure:2361: gcc -c -g  conftest.c >&5
configure:2367: $? = 0
configure:2374: test -z "$ac_c_werror_flag" || test ! -s conftest.err
configure:2377: $? = 0
configure:2384: test -s conftest.o
configure:2387: $? = 0
configure:2517: result: yes
configure:2534: checking for gcc option to accept ISO C89
configure:2608: gcc  -c -g -O2  conftest.c >&5
configure:2614: $? = 0
configure:2621: test -z "$ac_c_werror_flag" || test ! -s conftest.err
configure:2624: $? = 0
configure:2631: test -s conftest.o
configure:2634: $? = 0
configure:2654: result: none needed
configure:2715: checking for ranlib
configure:2731: found /usr/bin/ranlib
configure:2742: result: ranlib
configure:2773: checking for ar
configure:2789: found /usr/bin/ar
configure:2800: result: ar
configure:2819: checking how to run the C preprocessor
configure:2859: gcc -E  conftest.c
configure:2865: $? = 0
configure:2903: gcc -E  conftest.c
conftest.c:8:28: error: ac_nonexistent.h: No such file or directory
configure:2909: $? = 1
configure: failed program was:
| /* confdefs.h.  */
| #define PACKAGE_NAME ""
| #define PACKAGE_TARNAME ""
| #define PACKAGE_VERSION ""
| #define PACKAGE_STRING ""
| #define PACKAGE_BUGREPORT ""
| /* end confdefs.h.  */
| #include <ac_nonexistent.h>
configure:2949: result: gcc -E
configure:2978: gcc -E  conftest.c
configure:2984: $? = 0
configure:3022: gcc -E  conftest.c
conftest.c:8:28: error: ac_nonexistent.h: No such file or directory
configure:3028: $? = 1
configure: failed program was:
| /* confdefs.h.  */
| #define PACKAGE_NAME ""
| #define PACKAGE_TARNAME ""
| #define PACKAGE_VERSION ""
| #define PACKAGE_STRING ""
| #define PACKAGE_BUGREPORT ""
| /* end confdefs.h.  */
| #include <ac_nonexistent.h>
configure:3073: checking for grep that handles long lines and -e
configure:3147: result: /bin/grep
configure:3152: checking for egrep
configure:3230: result: /bin/grep -E
configure:3235: checking for ANSI C header files
configure:3265: gcc -c -g -O2  conftest.c >&5
configure:3271: $? = 0
configure:3278: test -z "$ac_c_werror_flag" || test ! -s conftest.err
configure:3281: $? = 0
configure:3288: test -s conftest.o
configure:3291: $? = 0
configure:3387: gcc -o conftest -g -O2   conftest.c  >&5
configure:3390: $? = 0
configure:3396: ./conftest
configure:3399: $? = 0
configure:3416: result: yes
configure:3436: checking SO
configure:3447: result: .so
configure:3451: checking LDSHARED
configure:3489: result: gcc -shared
configure:3495: checking CXXSHARED
configure:3501: result: gcc -shared
configure:3506: checking CCSHARED
configure:3525: result: -fpic
configure:3529: checking RPATH
configure:3540: result: -Xlinker -rpath $(exec_prefix)/lib -Xlinker -rpath .
configure:3547: checking for dlopen in -ldl
configure:3582: gcc -o conftest -g -O2   conftest.c -ldl   >&5
configure:3588: $? = 0
configure:3595: test -z "$ac_c_werror_flag" || test ! -s conftest.err
configure:3598: $? = 0
configure:3605: test -s conftest
configure:3608: $? = 0
configure:3622: result: yes
configure:3634: checking for shl_load in -ldld
configure:3669: gcc -o conftest -g -O2   conftest.c -ldld  -ldl  >&5
/usr/bin/ld: cannot find -ldld
collect2: ld returned 1 exit status
configure:3675: $? = 1
configure: failed program was:
| /* confdefs.h.  */
| #define PACKAGE_NAME ""
| #define PACKAGE_TARNAME ""
| #define PACKAGE_VERSION ""
| #define PACKAGE_STRING ""
| #define PACKAGE_BUGREPORT ""
| #define STDC_HEADERS 1
| #define HAVE_LIBDL 1
| /* end confdefs.h.  */
| 
| /* Override any GCC internal prototype to avoid an error.
|    Use char because int might match the return type of a GCC
|    builtin and then its argument prototype would still apply.  */
| #ifdef __cplusplus
| extern "C"
| #endif
| char shl_load ();
| int
| main ()
| {
| return shl_load ();
|   ;
|   return 0;
| }
configure:3709: result: no
configure:3730: checking for t_open in -lnsl
configure:3765: gcc -o conftest -g -O2   conftest.c -lnsl  -ldl  >&5
/tmp/ccKdcFjF.o: In function `main':
/home/vecna/Desktop/sniffjoke-project/sniffjoke-0.3-beta/swill-0.2-src/conftest.c:21: undefined reference to `t_open'
collect2: ld returned 1 exit status
configure:3771: $? = 1
configure: failed program was:
| /* confdefs.h.  */
| #define PACKAGE_NAME ""
| #define PACKAGE_TARNAME ""
| #define PACKAGE_VERSION ""
| #define PACKAGE_STRING ""
| #define PACKAGE_BUGREPORT ""
| #define STDC_HEADERS 1
| #define HAVE_LIBDL 1
| /* end confdefs.h.  */
| 
| /* Override any GCC internal prototype to avoid an error.
|    Use char because int might match the return type of a GCC
|    builtin and then its argument prototype would still apply.  */
| #ifdef __cplusplus
| extern "C"
| #endif
| char t_open ();
| int
| main ()
| {
| return t_open ();
|   ;
|   return 0;
| }
configure:3805: result: no
configure:3811: checking for gethostbyname in -linet
configure:3846: gcc -o conftest -g -O2   conftest.c -linet -lnsl -ldl  >&5
/usr/bin/ld: cannot find -linet
collect2: ld returned 1 exit status
configure:3852: $? = 1
configure: failed program was:
| /* confdefs.h.  */
| #define PACKAGE_NAME ""
| #define PACKAGE_TARNAME ""
| #define PACKAGE_VERSION ""
| #define PACKAGE_STRING ""
| #define PACKAGE_BUGREPORT ""
| #define STDC_HEADERS 1
| #define HAVE_LIBDL 1
| /* end confdefs.h.  */
| 
| /* Override any GCC internal prototype to avoid an error.
|    Use char because int might match the return type of a GCC
|    builtin and then its argument prototype would still apply.  */
| #ifdef __cplusplus
| extern "C"
| #endif
| char gethostbyname ();
| int
| main ()
| {
| return gethostbyname ();
|   ;
|   return 0;
| }
configure:3886: result: no
configure:3892: checking for socket in -lsocket
configure:3927: gcc -o conftest -g -O2   conftest.c -lsocket  -ldl  >&5
/usr/bin/ld: cannot find -lsocket
collect2: ld returned 1 exit status
configure:3933: $? = 1
configure: failed program was:
| /* confdefs.h.  */
| #define PACKAGE_NAME ""
| #define PACKAGE_TARNAME ""
| #define PACKAGE_VERSION ""
| #define PACKAGE_STRING ""
| #define PACKAGE_BUGREPORT ""
| #define STDC_HEADERS 1
| #define HAVE_LIBDL 1
| /* end confdefs.h.  */
| 
| /* Override any GCC internal prototype to avoid an error.
|    Use char because int might match the return type of a GCC
|    builtin and then its argument prototype would still apply.  */
| #ifdef __cplusplus
| extern "C"
| #endif
| char socket ();
| int
| main ()
| {
| return socket ();
|   ;
|   return 0;
| }
configure:3967: result: no
configure:4006: checking for MPI configuration
configure:4046: checking for MPI header files
configure:4062: gcc -E  conftest.c
conftest.c:10:17: error: mpi.h: No such file or directory
configure:4068: $? = 1
configure: failed program was:
| /* confdefs.h.  */
| #define PACKAGE_NAME ""
| #define PACKAGE_TARNAME ""
| #define PACKAGE_VERSION ""
| #define PACKAGE_STRING ""
| #define PACKAGE_BUGREPORT ""
| #define STDC_HEADERS 1
| #define HAVE_LIBDL 1
| /* end confdefs.h.  */
| #include <mpi.h>
configure:4101: result: not found
configure:4257: creating ./config.status

## ---------------------- ##
## Running config.status. ##
## ---------------------- ##

This file was extended by config.status, which was
generated by GNU Autoconf 2.60.  Invocation command line was

  CONFIG_FILES    = 
  CONFIG_HEADERS  = 
  CONFIG_LINKS    = 
  CONFIG_COMMANDS = 
  $ ./config.status 

on caturday

config.status:578: creating Makefile
config.status:578: creating Source/SWILL/Makefile
config.status:578: creating Source/Objects/Makefile
config.status:578: creating Examples/Makefile

## ---------------- ##
## Cache variables. ##
## ---------------- ##

ac_cv_c_compiler_gnu=yes
ac_cv_env_CC_set=
ac_cv_env_CC_value=
ac_cv_env_CFLAGS_set=
ac_cv_env_CFLAGS_value=
ac_cv_env_CPPFLAGS_set=
ac_cv_env_CPPFLAGS_value=
ac_cv_env_CPP_set=
ac_cv_env_CPP_value=
ac_cv_env_LDFLAGS_set=
ac_cv_env_LDFLAGS_value=
ac_cv_env_build_alias_set=
ac_cv_env_build_alias_value=
ac_cv_env_host_alias_set=
ac_cv_env_host_alias_value=
ac_cv_env_target_alias_set=
ac_cv_env_target_alias_value=
ac_cv_header_stdc=yes
ac_cv_lib_dl_dlopen=yes
ac_cv_lib_dld_shl_load=no
ac_cv_lib_inet_gethostbyname=no
ac_cv_lib_nsl_t_open=no
ac_cv_lib_socket_socket=no
ac_cv_objext=o
ac_cv_path_EGREP='/bin/grep -E'
ac_cv_path_GREP=/bin/grep
ac_cv_prog_AR=ar
ac_cv_prog_CPP='gcc -E'
ac_cv_prog_ac_ct_CC=gcc
ac_cv_prog_ac_ct_RANLIB=ranlib
ac_cv_prog_cc_c89=
ac_cv_prog_cc_g=yes

## ----------------- ##
## Output variables. ##
## ----------------- ##

AR='ar'
CC='gcc'
CCSHARED='-fpic'
CFLAGS='-g -O2'
CPP='gcc -E'
CPPFLAGS=''
CXXSHARED='gcc -shared'
DEFS='-DPACKAGE_NAME=\"\" -DPACKAGE_TARNAME=\"\" -DPACKAGE_VERSION=\"\" -DPACKAGE_STRING=\"\" -DPACKAGE_BUGREPORT=\"\" -DSTDC_HEADERS=1 -DHAVE_LIBDL=1'
ECHO_C=''
ECHO_N='-n'
ECHO_T=''
EGREP='/bin/grep -E'
EXEEXT=''
GREP='/bin/grep'
LDFLAGS=''
LDSHARED='gcc -shared'
LIBOBJS=''
LIBS='-ldl '
LTLIBOBJS=''
MACHDEP='linux2'
MPICC=''
MPIINCLUDE=''
MPISUFFIX=''
NETLIBS=''
OBJEXT='o'
PACKAGE_BUGREPORT=''
PACKAGE_NAME=''
PACKAGE_STRING=''
PACKAGE_TARNAME=''
PACKAGE_VERSION=''
PATH_SEPARATOR=':'
RANLIB='ranlib'
RPATH='-Xlinker -rpath $(exec_prefix)/lib -Xlinker -rpath .'
SHELL='/bin/bash'
SO='.so'
SRC_DIR='.'
USEMPI=''
ac_ct_CC='gcc'
bindir='${exec_prefix}/bin'
build_alias=''
datadir='${datarootdir}'
datarootdir='${prefix}/share'
docdir='${datarootdir}/doc/${PACKAGE}'
dvidir='${docdir}'
exec_prefix='${prefix}'
host_alias=''
htmldir='${docdir}'
includedir='${prefix}/include'
infodir='${datarootdir}/info'
libdir='${exec_prefix}/lib'
libexecdir='${exec_prefix}/libexec'
localedir='${datarootdir}/locale'
localstatedir='${prefix}/var'
mandir='${datarootdir}/man'
oldincludedir='/usr/include'
pdfdir='${docdir}'
prefix='/usr/local'
program_transform_name='s,x,x,'
psdir='${docdir}'
sbindir='${exec_prefix}/sbin'
sharedstatedir='${prefix}/com'
sysconfdir='${prefix}/etc'
target_alias=''

## ----------- ##
## confdefs.h. ##
## ----------- ##

#define PACKAGE_NAME ""
#define PACKAGE_TARNAME ""
#define PACKAGE_VERSION ""
#define PACKAGE_STRING ""
#define PACKAGE_BUGREPORT ""
#define STDC_HEADERS 1
#define HAVE_LIBDL 1

configure: exit 0
