Determining if files malloc.h exist passed with the following output:
/usr/bin/make -f CMakeFiles/cmTryCompileExec.dir/build.make CMakeFiles/cmTryCompileExec.dir/build
make[1]: Entering directory `/home/vecna/Desktop/sniffjoke-project/sniffjoke/Linux-build/CMakeFiles/CMakeTmp'
/usr/bin/cmake -E cmake_progress_report /home/vecna/Desktop/sniffjoke-project/sniffjoke/Linux-build/CMakeFiles/CMakeTmp/CMakeFiles 1
Building C object CMakeFiles/cmTryCompileExec.dir/CheckIncludeFiles.o
/usr/bin/gcc   -o CMakeFiles/cmTryCompileExec.dir/CheckIncludeFiles.o   -c /home/vecna/Desktop/sniffjoke-project/sniffjoke/Linux-build/CMakeFiles/CMakeTmp/CheckIncludeFiles.c
Linking C executable cmTryCompileExec
/usr/bin/cmake -P CMakeFiles/cmTryCompileExec.dir/cmake_clean_target.cmake
/usr/bin/gcc        -fPIC "CMakeFiles/cmTryCompileExec.dir/CheckIncludeFiles.o"   -o cmTryCompileExec -rdynamic 
make[1]: Leaving directory `/home/vecna/Desktop/sniffjoke-project/sniffjoke/Linux-build/CMakeFiles/CMakeTmp'


Determining if files sys/param.h;sys/mount.h exist passed with the following output:
/usr/bin/make -f CMakeFiles/cmTryCompileExec.dir/build.make CMakeFiles/cmTryCompileExec.dir/build
make[1]: Entering directory `/home/vecna/Desktop/sniffjoke-project/sniffjoke/Linux-build/CMakeFiles/CMakeTmp'
/usr/bin/cmake -E cmake_progress_report /home/vecna/Desktop/sniffjoke-project/sniffjoke/Linux-build/CMakeFiles/CMakeTmp/CMakeFiles 1
Building C object CMakeFiles/cmTryCompileExec.dir/CheckIncludeFiles.o
/usr/bin/gcc   -o CMakeFiles/cmTryCompileExec.dir/CheckIncludeFiles.o   -c /home/vecna/Desktop/sniffjoke-project/sniffjoke/Linux-build/CMakeFiles/CMakeTmp/CheckIncludeFiles.c
Linking C executable cmTryCompileExec
/usr/bin/cmake -P CMakeFiles/cmTryCompileExec.dir/cmake_clean_target.cmake
/usr/bin/gcc        -fPIC "CMakeFiles/cmTryCompileExec.dir/CheckIncludeFiles.o"   -o cmTryCompileExec -rdynamic 
make[1]: Leaving directory `/home/vecna/Desktop/sniffjoke-project/sniffjoke/Linux-build/CMakeFiles/CMakeTmp'


