This file contains any messages produced by compilers while
running configure, to aid debugging if configure makes a mistake.

It was created by configure, which was
generated by GNU Autoconf 2.61.  Invocation command line was

  $ ./configure 

## --------- ##
## Platform. ##
## --------- ##

hostname = caturday
uname -m = i686
uname -r = 2.6.24-23-generic
uname -s = Linux
uname -v = #1 SMP Wed Apr 1 21:47:28 UTC 2009

/usr/bin/uname -p = unknown
/bin/uname -X     = unknown

/bin/arch              = unknown
/usr/bin/arch -k       = unknown
/usr/convex/getsysinfo = unknown
/usr/bin/hostinfo      = unknown
/bin/machine           = unknown
/usr/bin/oslevel       = unknown
/bin/universe          = unknown

PATH: /usr/local/sbin
PATH: /usr/local/bin
PATH: /usr/sbin
PATH: /usr/bin
PATH: /sbin
PATH: /bin
PATH: /usr/X11R6/bin


## ----------- ##
## Core tests. ##
## ----------- ##

configure:1737: checking for a BSD-compatible install
configure:1793: result: /usr/bin/install -c
configure:1804: checking whether build environment is sane
configure:1847: result: yes
configure:1875: checking for a thread-safe mkdir -p
configure:1914: result: /bin/mkdir -p
configure:1927: checking for gawk
configure:1957: result: no
configure:1927: checking for mawk
configure:1943: found /usr/bin/mawk
configure:1954: result: mawk
configure:1965: checking whether make sets $(MAKE)
configure:1986: result: yes
configure:2222: checking for gcc
configure:2238: found /usr/bin/gcc
configure:2249: result: gcc
configure:2487: checking for C compiler version
configure:2494: gcc --version >&5
gcc (GCC) 4.2.4 (Ubuntu 4.2.4-1ubuntu3)
Copyright (C) 2007 Free Software Foundation, Inc.
This is free software; see the source for copying conditions.  There is NO
warranty; not even for MERCHANTABILITY or FITNESS FOR A PARTICULAR PURPOSE.

configure:2497: $? = 0
configure:2504: gcc -v >&5
Using built-in specs.
Target: i486-linux-gnu
Configured with: ../src/configure -v --enable-languages=c,c++,fortran,objc,obj-c++,treelang --prefix=/usr --enable-shared --with-system-zlib --libexecdir=/usr/lib --without-included-gettext --enable-threads=posix --enable-nls --with-gxx-include-dir=/usr/include/c++/4.2 --program-suffix=-4.2 --enable-clocale=gnu --enable-libstdcxx-debug --enable-objc-gc --enable-mpfr --enable-targets=all --enable-checking=release --build=i486-linux-gnu --host=i486-linux-gnu --target=i486-linux-gnu
Thread model: posix
gcc version 4.2.4 (Ubuntu 4.2.4-1ubuntu3)
configure:2507: $? = 0
configure:2514: gcc -V >&5
gcc: '-V' option must have argument
configure:2517: $? = 1
configure:2540: checking for C compiler default output file name
configure:2567: gcc    conftest.c  >&5
configure:2570: $? = 0
configure:2608: result: a.out
configure:2625: checking whether the C compiler works
configure:2635: ./a.out
configure:2638: $? = 0
configure:2655: result: yes
configure:2662: checking whether we are cross compiling
configure:2664: result: no
configure:2667: checking for suffix of executables
configure:2674: gcc -o conftest    conftest.c  >&5
configure:2677: $? = 0
configure:2701: result: 
configure:2707: checking for suffix of object files
configure:2733: gcc -c   conftest.c >&5
configure:2736: $? = 0
configure:2759: result: o
configure:2763: checking whether we are using the GNU C compiler
configure:2792: gcc -c   conftest.c >&5
configure:2798: $? = 0
configure:2815: result: yes
configure:2820: checking whether gcc accepts -g
configure:2850: gcc -c -g  conftest.c >&5
configure:2856: $? = 0
configure:2955: result: yes
configure:2972: checking for gcc option to accept ISO C89
configure:3046: gcc  -c -g -O2  conftest.c >&5
configure:3052: $? = 0
configure:3075: result: none needed
configure:3104: checking for style of include used by make
configure:3132: result: GNU
configure:3157: checking dependency style of gcc
configure:3248: result: gcc3
configure:3321: checking for g++
configure:3337: found /usr/bin/g++
configure:3348: result: g++
configure:3379: checking for C++ compiler version
configure:3386: g++ --version >&5
g++ (GCC) 4.2.4 (Ubuntu 4.2.4-1ubuntu3)
Copyright (C) 2007 Free Software Foundation, Inc.
This is free software; see the source for copying conditions.  There is NO
warranty; not even for MERCHANTABILITY or FITNESS FOR A PARTICULAR PURPOSE.

configure:3389: $? = 0
configure:3396: g++ -v >&5
Using built-in specs.
Target: i486-linux-gnu
Configured with: ../src/configure -v --enable-languages=c,c++,fortran,objc,obj-c++,treelang --prefix=/usr --enable-shared --with-system-zlib --libexecdir=/usr/lib --without-included-gettext --enable-threads=posix --enable-nls --with-gxx-include-dir=/usr/include/c++/4.2 --program-suffix=-4.2 --enable-clocale=gnu --enable-libstdcxx-debug --enable-objc-gc --enable-mpfr --enable-targets=all --enable-checking=release --build=i486-linux-gnu --host=i486-linux-gnu --target=i486-linux-gnu
Thread model: posix
gcc version 4.2.4 (Ubuntu 4.2.4-1ubuntu3)
configure:3399: $? = 0
configure:3406: g++ -V >&5
g++: '-V' option must have argument
configure:3409: $? = 1
configure:3412: checking whether we are using the GNU C++ compiler
configure:3441: g++ -c   conftest.cpp >&5
configure:3447: $? = 0
configure:3464: result: yes
configure:3469: checking whether g++ accepts -g
configure:3499: g++ -c -g  conftest.cpp >&5
configure:3505: $? = 0
configure:3604: result: yes
configure:3629: checking dependency style of g++
configure:3720: result: gcc3
configure:3748: checking for a BSD-compatible install
configure:3804: result: /usr/bin/install -c
configure:3850: checking for swill_init_ssl in -lswill
configure:3885: gcc -o conftest -g -O2   conftest.c -lswill   >&5
configure:3891: $? = 0
configure:3909: result: yes
configure:4077: creating ./config.status

## ---------------------- ##
## Running config.status. ##
## ---------------------- ##

This file was extended by config.status, which was
generated by GNU Autoconf 2.61.  Invocation command line was

  CONFIG_FILES    = 
  CONFIG_HEADERS  = 
  CONFIG_LINKS    = 
  CONFIG_COMMANDS = 
  $ ./config.status 

on caturday

config.status:623: creating Makefile
config.status:623: creating doc/Makefile
config.status:814: executing depfiles commands

## ---------------- ##
## Cache variables. ##
## ---------------- ##

ac_cv_c_compiler_gnu=yes
ac_cv_cxx_compiler_gnu=yes
ac_cv_env_CCC_set=
ac_cv_env_CCC_value=
ac_cv_env_CC_set=
ac_cv_env_CC_value=
ac_cv_env_CFLAGS_set=
ac_cv_env_CFLAGS_value=
ac_cv_env_CPPFLAGS_set=
ac_cv_env_CPPFLAGS_value=
ac_cv_env_CXXFLAGS_set=
ac_cv_env_CXXFLAGS_value=
ac_cv_env_CXX_set=
ac_cv_env_CXX_value=
ac_cv_env_LDFLAGS_set=
ac_cv_env_LDFLAGS_value=
ac_cv_env_LIBS_set=
ac_cv_env_LIBS_value=
ac_cv_env_build_alias_set=
ac_cv_env_build_alias_value=
ac_cv_env_host_alias_set=
ac_cv_env_host_alias_value=
ac_cv_env_target_alias_set=
ac_cv_env_target_alias_value=
ac_cv_lib_swill_swill_init_ssl=yes
ac_cv_objext=o
ac_cv_path_install='/usr/bin/install -c'
ac_cv_path_mkdir=/bin/mkdir
ac_cv_prog_AWK=mawk
ac_cv_prog_ac_ct_CC=gcc
ac_cv_prog_ac_ct_CXX=g++
ac_cv_prog_cc_c89=
ac_cv_prog_cc_g=yes
ac_cv_prog_cxx_g=yes
ac_cv_prog_make_make_set=yes
am_cv_CC_dependencies_compiler_type=gcc3
am_cv_CXX_dependencies_compiler_type=gcc3

## ----------------- ##
## Output variables. ##
## ----------------- ##

ACLOCAL='${SHELL} /home/vecna/Desktop/sniffjoke-project/sniffjoke/sniffjoke-src/missing --run aclocal-1.10'
AMDEPBACKSLASH='\'
AMDEP_FALSE='#'
AMDEP_TRUE=''
AMTAR='${SHELL} /home/vecna/Desktop/sniffjoke-project/sniffjoke/sniffjoke-src/missing --run tar'
AUTOCONF='${SHELL} /home/vecna/Desktop/sniffjoke-project/sniffjoke/sniffjoke-src/missing --run autoconf'
AUTOHEADER='${SHELL} /home/vecna/Desktop/sniffjoke-project/sniffjoke/sniffjoke-src/missing --run autoheader'
AUTOMAKE='${SHELL} /home/vecna/Desktop/sniffjoke-project/sniffjoke/sniffjoke-src/missing --run automake-1.10'
AWK='mawk'
CC='gcc'
CCDEPMODE='depmode=gcc3'
CFLAGS='-g -O2'
CPPFLAGS=''
CXX='g++'
CXXDEPMODE='depmode=gcc3'
CXXFLAGS='-g -O2'
CYGPATH_W='echo'
DEFS='-DPACKAGE_NAME=\"\" -DPACKAGE_TARNAME=\"\" -DPACKAGE_VERSION=\"\" -DPACKAGE_STRING=\"\" -DPACKAGE_BUGREPORT=\"\" -DPACKAGE=\"sniffjoke\" -DVERSION=\"0.3\"'
DEPDIR='.deps'
ECHO_C=''
ECHO_N='-n'
ECHO_T=''
EXEEXT=''
INSTALL_DATA='${INSTALL} -m 644'
INSTALL_PROGRAM='${INSTALL}'
INSTALL_SCRIPT='${INSTALL}'
INSTALL_STRIP_PROGRAM='$(install_sh) -c -s'
LDFLAGS=''
LIBOBJS=''
LIBS=''
LTLIBOBJS=''
MAKEINFO='${SHELL} /home/vecna/Desktop/sniffjoke-project/sniffjoke/sniffjoke-src/missing --run makeinfo'
OBJEXT='o'
PACKAGE='sniffjoke'
PACKAGE_BUGREPORT=''
PACKAGE_NAME=''
PACKAGE_STRING=''
PACKAGE_TARNAME=''
PACKAGE_VERSION=''
PATH_SEPARATOR=':'
SET_MAKE=''
SHELL='/bin/bash'
STRIP=''
SWILL_PATH='/usr/local/'
VERSION='0.3'
ac_ct_CC='gcc'
ac_ct_CXX='g++'
am__fastdepCC_FALSE='#'
am__fastdepCC_TRUE=''
am__fastdepCXX_FALSE='#'
am__fastdepCXX_TRUE=''
am__include='include'
am__isrc=''
am__leading_dot='.'
am__quote=''
am__tar='${AMTAR} chof - "$$tardir"'
am__untar='${AMTAR} xf -'
bindir='${exec_prefix}/bin'
build_alias=''
datadir='${datarootdir}'
datarootdir='${prefix}/share'
docdir='${datarootdir}/doc/${PACKAGE}'
dvidir='${docdir}'
exec_prefix='${prefix}'
host_alias=''
htmldir='${docdir}'
includedir='${prefix}/include'
infodir='${datarootdir}/info'
install_sh='$(SHELL) /home/vecna/Desktop/sniffjoke-project/sniffjoke/sniffjoke-src/install-sh'
libdir='${exec_prefix}/lib'
libexecdir='${exec_prefix}/libexec'
localedir='${datarootdir}/locale'
localstatedir='${prefix}/var'
mandir='${datarootdir}/man'
mkdir_p='/bin/mkdir -p'
oldincludedir='/usr/include'
pdfdir='${docdir}'
prefix='/usr/local'
program_transform_name='s,x,x,'
psdir='${docdir}'
sbindir='${exec_prefix}/sbin'
sharedstatedir='${prefix}/com'
sysconfdir='${prefix}/etc'
target_alias=''

## ----------- ##
## confdefs.h. ##
## ----------- ##

#define PACKAGE_NAME ""
#define PACKAGE_TARNAME ""
#define PACKAGE_VERSION ""
#define PACKAGE_STRING ""
#define PACKAGE_BUGREPORT ""
#define PACKAGE "sniffjoke"
#define VERSION "0.3"

configure: exit 0
